<?xml version="1.0" encoding="UTF-8"?>
<!-- Generated by org.testng.reporters.JUnitXMLReporter -->
<testsuite ignored="5" hostname="LAPTOP-L47TV1TH" failures="0" tests="1" name="Default test" time="0.028" errors="0" timestamp="2021-04-04T19:02:37 IST">
  <testcase classname="com.TestNg.org.TestNg.Priorrity" name="browserLaunch" time="0.005"/>
  <testcase classname="com.TestNg.org.TestNg.Priorrity" name="Payment" time="0.0">
    <ignored/>
  </testcase> <!-- Payment -->
  <testcase classname="com.TestNg.org.TestNg.Priorrity" name="SearchMobile" time="0.0">
    <ignored/>
  </testcase> <!-- SearchMobile -->
  <testcase classname="com.TestNg.org.TestNg.Priorrity" name="logOut" time="0.0">
    <ignored/>
  </testcase> <!-- logOut -->
  <testcase classname="com.TestNg.org.TestNg.Priorrity" name="Url" time="0.0">
    <ignored/>
  </testcase> <!-- Url -->
  <testcase classname="com.TestNg.org.TestNg.Priorrity" name="login" time="0.0">
    <ignored/>
  </testcase> <!-- login -->
</testsuite> <!-- Default test -->
